<?xml version="1.0" encoding="UTF-8"?>
<!-- Generated by org.testng.reporters.JUnitReportReporter -->
<testsuite skipped="0" hostname="DESKTOP-UGJ9HCA" name="testNG.FirstClass" tests="1" failures="0" timestamp="2019-10-09T08:59:05 PDT" time="0.030" errors="0">
  <testcase name="abc" time="0.030" classname="testNG.FirstClass"/>
</testsuite> <!-- testNG.FirstClass -->
